# JRE version: Java(TM) SE Runtime Environment (8.0_151-b12) (build 1.8.0_151-b12)
# Java VM: Java HotSpot(TM) 64-Bit Server VM (25.151-b12 mixed mode linux-amd64 compressed oops)
Heap:
 PSYoungGen      total 1288192K, used 479702K [0x000000076d100000, 0x00000007c0000000, 0x00000007c0000000)
  eden space 1217536K, 38% used [0x000000076d100000,0x00000007898486d0,0x00000007b7600000)
  from space 70656K, 19% used [0x00000007b7600000,0x00000007b832d238,0x00000007bbb00000)
  to   space 67584K, 0% used [0x00000007bbe00000,0x00000007bbe00000,0x00000007c0000000)
 ParOldGen       total 286208K, used 133061K [0x00000006c7200000, 0x00000006d8980000, 0x000000076d100000)
  object space 286208K, 46% used [0x00000006c7200000,0x00000006cf3f1770,0x00000006d8980000)
 Metaspace       used 36622K, capacity 37154K, committed 37720K, reserved 1081344K
  class space    used 4662K, capacity 4810K, committed 4952K, reserved 1048576K
GC Heap History (10 events):
Event: 4729,246 GC heap before
{Heap before GC invocations=18 (full 2):
 PSYoungGen      total 1335296K, used 1321291K [0x000000076d100000, 0x00000007c0000000, 0x00000007c0000000)
  eden space 1313792K, 100% used [0x000000076d100000,0x00000007bd400000,0x00000007bd400000)
  from space 21504K, 34% used [0x00000007bd400000,0x00000007bdb52e50,0x00000007be900000)
  to   space 20992K, 0% used [0x00000007beb80000,0x00000007beb80000,0x00000007c0000000)
 ParOldGen       total 110592K, used 26034K [0x00000006c7200000, 0x00000006cde00000, 0x000000076d100000)
  object space 110592K, 23% used [0x00000006c7200000,0x00000006c8b6cb48,0x00000006cde00000)
 Metaspace       used 36821K, capacity 37476K, committed 37720K, reserved 1081344K
  class space    used 4694K, capacity 4869K, committed 4952K, reserved 1048576K
Event: 4729,249 GC heap after
Heap after GC invocations=18 (full 2):
 PSYoungGen      total 1334784K, used 7372K [0x000000076d100000, 0x00000007bfd80000, 0x00000007c0000000)
  eden space 1316352K, 0% used [0x000000076d100000,0x000000076d100000,0x00000007bd680000)
  from space 18432K, 39% used [0x00000007beb80000,0x00000007bf2b3048,0x00000007bfd80000)
  to   space 19968K, 0% used [0x00000007bd680000,0x00000007bd680000,0x00000007bea00000)
 ParOldGen       total 110592K, used 26050K [0x00000006c7200000, 0x00000006cde00000, 0x000000076d100000)
  object space 110592K, 23% used [0x00000006c7200000,0x00000006c8b70b48,0x00000006cde00000)
 Metaspace       used 36821K, capacity 37476K, committed 37720K, reserved 1081344K
  class space    used 4694K, capacity 4869K, committed 4952K, reserved 1048576K
}
Event: 4813,783 GC heap before
{Heap before GC invocations=19 (full 2):
 PSYoungGen      total 1334784K, used 1323637K [0x000000076d100000, 0x00000007bfd80000, 0x00000007c0000000)
  eden space 1316352K, 99% used [0x000000076d100000,0x00000007bd66a450,0x00000007bd680000)
  from space 18432K, 39% used [0x00000007beb80000,0x00000007bf2b3048,0x00000007bfd80000)
  to   space 19968K, 0% used [0x00000007bd680000,0x00000007bd680000,0x00000007bea00000)
 ParOldGen       total 110592K, used 29770K [0x00000006c7200000, 0x00000006cde00000, 0x000000076d100000)
  object space 110592K, 26% used [0x00000006c7200000,0x00000006c8f12ba0,0x00000006cde00000)
 Metaspace       used 36822K, capacity 37476K, committed 37720K, reserved 1081344K
  class space    used 4694K, capacity 4869K, committed 4952K, reserved 1048576K
Event: 4813,812 GC heap after
Heap after GC invocations=19 (full 2):
 PSYoungGen      total 1336320K, used 19951K [0x000000076d100000, 0x00000007c0000000, 0x00000007c0000000)
  eden space 1316352K, 0% used [0x000000076d100000,0x000000076d100000,0x00000007bd680000)
  from space 19968K, 99% used [0x00000007bd680000,0x00000007be9fbc30,0x00000007bea00000)
  to   space 22528K, 0% used [0x00000007bea00000,0x00000007bea00000,0x00000007c0000000)
 ParOldGen       total 110592K, used 63294K [0x00000006c7200000, 0x00000006cde00000, 0x000000076d100000)
  object space 110592K, 57% used [0x00000006c7200000,0x00000006cafcfb80,0x00000006cde00000)
 Metaspace       used 36822K, capacity 37476K, committed 37720K, reserved 1081344K
  class space    used 4694K, capacity 4869K, committed 4952K, reserved 1048576K
}
Event: 4819,082 GC heap before
{Heap before GC invocations=20 (full 2):
 PSYoungGen      total 1336320K, used 1336303K [0x000000076d100000, 0x00000007c0000000, 0x00000007c0000000)
  eden space 1316352K, 100% used [0x000000076d100000,0x00000007bd680000,0x00000007bd680000)
  from space 19968K, 99% used [0x00000007bd680000,0x00000007be9fbc30,0x00000007bea00000)
  to   space 22528K, 0% used [0x00000007bea00000,0x00000007bea00000,0x00000007c0000000)
 ParOldGen       total 110592K, used 67297K [0x00000006c7200000, 0x00000006cde00000, 0x000000076d100000)
  object space 110592K, 60% used [0x00000006c7200000,0x00000006cb3b8588,0x00000006cde00000)
 Metaspace       used 36823K, capacity 37476K, committed 37720K, reserved 1081344K
  class space    used 4694K, capacity 4869K, committed 4952K, reserved 1048576K
Event: 4819,122 GC heap after
Heap after GC invocations=20 (full 2):
 PSYoungGen      total 1240064K, used 22519K [0x000000076d100000, 0x00000007c0000000, 0x00000007c0000000)
  eden space 1217536K, 0% used [0x000000076d100000,0x000000076d100000,0x00000007b7600000)
  from space 22528K, 99% used [0x00000007bea00000,0x00000007bfffdc80,0x00000007c0000000)
  to   space 70656K, 0% used [0x00000007b7600000,0x00000007b7600000,0x00000007bbb00000)
 ParOldGen       total 159232K, used 158863K [0x00000006c7200000, 0x00000006d0d80000, 0x000000076d100000)
  object space 159232K, 99% used [0x00000006c7200000,0x00000006d0d23ef0,0x00000006d0d80000)
 Metaspace       used 36823K, capacity 37476K, committed 37720K, reserved 1081344K
  class space    used 4694K, capacity 4869K, committed 4952K, reserved 1048576K
}
Event: 4819,122 GC heap before
{Heap before GC invocations=21 (full 3):
 PSYoungGen      total 1240064K, used 22519K [0x000000076d100000, 0x00000007c0000000, 0x00000007c0000000)
  eden space 1217536K, 0% used [0x000000076d100000,0x000000076d100000,0x00000007b7600000)
  from space 22528K, 99% used [0x00000007bea00000,0x00000007bfffdc80,0x00000007c0000000)
  to   space 70656K, 0% used [0x00000007b7600000,0x00000007b7600000,0x00000007bbb00000)
 ParOldGen       total 159232K, used 158863K [0x00000006c7200000, 0x00000006d0d80000, 0x000000076d100000)
  object space 159232K, 99% used [0x00000006c7200000,0x00000006d0d23ef0,0x00000006d0d80000)
 Metaspace       used 36823K, capacity 37476K, committed 37720K, reserved 1081344K
  class space    used 4694K, capacity 4869K, committed 4952K, reserved 1048576K
Event: 4819,304 GC heap after
Heap after GC invocations=21 (full 3):
 PSYoungGen      total 1240064K, used 0K [0x000000076d100000, 0x00000007c0000000, 0x00000007c0000000)
  eden space 1217536K, 0% used [0x000000076d100000,0x000000076d100000,0x00000007b7600000)
  from space 22528K, 0% used [0x00000007bea00000,0x00000007bea00000,0x00000007c0000000)
  to   space 70656K, 0% used [0x00000007b7600000,0x00000007b7600000,0x00000007bbb00000)
 ParOldGen       total 286208K, used 133053K [0x00000006c7200000, 0x00000006d8980000, 0x000000076d100000)
  object space 286208K, 46% used [0x00000006c7200000,0x00000006cf3ef770,0x00000006d8980000)
 Metaspace       used 36622K, capacity 37154K, committed 37720K, reserved 1081344K
  class space    used 4662K, capacity 4810K, committed 4952K, reserved 1048576K
}
Event: 4819,414 GC heap before
{Heap before GC invocations=22 (full 3):
 PSYoungGen      total 1240064K, used 43306K [0x000000076d100000, 0x00000007c0000000, 0x00000007c0000000)
  eden space 1217536K, 3% used [0x000000076d100000,0x000000076fb4a8a8,0x00000007b7600000)
  from space 22528K, 0% used [0x00000007bea00000,0x00000007bea00000,0x00000007c0000000)
  to   space 70656K, 0% used [0x00000007b7600000,0x00000007b7600000,0x00000007bbb00000)
 ParOldGen       total 286208K, used 133053K [0x00000006c7200000, 0x00000006d8980000, 0x000000076d100000)
  object space 286208K, 46% used [0x00000006c7200000,0x00000006cf3ef770,0x00000006d8980000)
 Metaspace       used 36622K, capacity 37154K, committed 37720K, reserved 1081344K
  class space    used 4662K, capacity 4810K, committed 4952K, reserved 1048576K
Event: 4819,423 GC heap after
Heap after GC invocations=22 (full 3):
 PSYoungGen      total 1288192K, used 13492K [0x000000076d100000, 0x00000007c0000000, 0x00000007c0000000)
  eden space 1217536K, 0% used [0x000000076d100000,0x000000076d100000,0x00000007b7600000)
  from space 70656K, 19% used [0x00000007b7600000,0x00000007b832d238,0x00000007bbb00000)
  to   space 67584K, 0% used [0x00000007bbe00000,0x00000007bbe00000,0x00000007c0000000)
 ParOldGen       total 286208K, used 133061K [0x00000006c7200000, 0x00000006d8980000, 0x000000076d100000)
  object space 286208K, 46% used [0x00000006c7200000,0x00000006cf3f1770,0x00000006d8980000)
 Metaspace       used 36622K, capacity 37154K, committed 37720K, reserved 1081344K
  class space    used 4662K, capacity 4810K, committed 4952K, reserved 1048576K
}

